Arguments: 
  /Users/phil/.nvm/versions/node/v11.15.0/bin/node /usr/local/Cellar/yarn/1.7.0/libexec/bin/yarn.js add --dev webpack webpack-cli

PATH: 
  /usr/local/opt/openssl@1.1/bin:/usr/local/Cellar/rabbitmq/3.8.2/sbin:/Library/Frameworks/Python.framework/Versions/3.7/bin:/Users/phil/.nvm/versions/node/v11.15.0/bin:/Library/Developer/CommandLineTools/Library/PrivateFrameworks/LLDB.framework/Versions/A/Resources:/Users/phil/GoProjects/bin:./node_modules/.bin:/Library/Frameworks/Python.framework/Versions/2.7/bin:/usr/local/bin:/usr/bin:/bin:/usr/sbin:/sbin:/usr/local/go/bin:/Applications/Wireshark.app/Contents/MacOS

Yarn version: 
  1.7.0

Node version: 
  11.15.0

Platform: 
  darwin x64

Trace: 
  SyntaxError: /Users/phil/Projects/visualizing-taiwan/package.json: Unexpected token } in JSON at position 201
      at JSON.parse (<anonymous>)
      at /usr/local/Cellar/yarn/1.7.0/libexec/lib/cli.js:1130:59
      at Generator.next (<anonymous>)
      at step (/usr/local/Cellar/yarn/1.7.0/libexec/lib/cli.js:98:30)
      at /usr/local/Cellar/yarn/1.7.0/libexec/lib/cli.js:109:13

npm manifest: 
  {
    "name": "visualizing-taiwan",
    "version": "1.0.0",
    "repository": "git@github.com:capy-pl/visualizing-taiwan.git",
    "author": "Philip(honesty1997@gmail.com), Denis(tsengmoneymoney@gmail.com).",
  }

yarn manifest: 
  No manifest

Lockfile: 
  No lockfile
